<?xml version="1.0" encoding="UTF-8"?>
<!-- Generated by org.testng.reporters.JUnitReportReporter -->
<testsuite hostname="NAVEEN" failures="0" tests="5" name="com.testrunner.Testrunner" time="20.023" errors="0" timestamp="2023-05-31T18:55:14 IST" skipped="0">
  <testcase classname="com.testrunner.Testrunner" name="browsernamelaunch" time="5.107"/>
  <system-out/>
  <testcase classname="com.testrunner.Testrunner" name="urllaunch" time="6.920"/>
  <system-out/>
  <testcase classname="com.testrunner.Testrunner" name="adulttab" time="2.622"/>
  <system-out/>
  <testcase classname="com.testrunner.Testrunner" name="plusbutton" time="0.917"/>
  <system-out/>
  <testcase classname="com.testrunner.Testrunner" name="donebutton" time="4.457"/>
  <system-out/>
</testsuite> <!-- com.testrunner.Testrunner -->
